# JRE version: OpenJDK Runtime Environment (8.0_152-b01) (build 1.8.0_152-release-1343-b01)
# Java VM: OpenJDK 64-Bit Server VM (25.152-b01 mixed mode windows-amd64 compressed oops)
Heap:
 PSYoungGen      total 154624K, used 43816K [0x00000000e0000000, 0x00000000ed200000, 0x0000000100000000)
  eden space 105984K, 33% used [0x00000000e0000000,0x00000000e22d1ec0,0x00000000e6780000)
  from space 48640K, 16% used [0x00000000e9680000,0x00000000e9e78358,0x00000000ec600000)
  to   space 48128K, 0% used [0x00000000e6780000,0x00000000e6780000,0x00000000e9680000)
 ParOldGen       total 268800K, used 53080K [0x00000000a0000000, 0x00000000b0680000, 0x00000000e0000000)
  object space 268800K, 19% used [0x00000000a0000000,0x00000000a33d60e0,0x00000000b0680000)
 Metaspace       used 97477K, capacity 101058K, committed 102592K, reserved 1138688K
  class space    used 12260K, capacity 12891K, committed 13248K, reserved 1048576K
GC Heap History (10 events):
Event: 9916.832 GC heap before
{Heap before GC invocations=24 (full 3):
 PSYoungGen      total 142848K, used 142822K [0x00000000e0000000, 0x00000000eb480000, 0x0000000100000000)
  eden space 113664K, 100% used [0x00000000e0000000,0x00000000e6f00000,0x00000000e6f00000)
  from space 29184K, 99% used [0x00000000e9080000,0x00000000eacf9aa0,0x00000000ead00000)
  to   space 34304K, 0% used [0x00000000e6f00000,0x00000000e6f00000,0x00000000e9080000)
 ParOldGen       total 185856K, used 40126K [0x00000000a0000000, 0x00000000ab580000, 0x00000000e0000000)
  object space 185856K, 21% used [0x00000000a0000000,0x00000000a272fb20,0x00000000ab580000)
 Metaspace       used 88462K, capacity 92004K, committed 92288K, reserved 1130496K
  class space    used 11170K, capacity 11856K, committed 11904K, reserved 1048576K
Event: 9916.866 GC heap after
Heap after GC invocations=24 (full 3):
 PSYoungGen      total 145920K, used 34294K [0x00000000e0000000, 0x00000000eba00000, 0x0000000100000000)
  eden space 111616K, 0% used [0x00000000e0000000,0x00000000e0000000,0x00000000e6d00000)
  from space 34304K, 99% used [0x00000000e6f00000,0x00000000e907d988,0x00000000e9080000)
  to   space 39424K, 0% used [0x00000000e9380000,0x00000000e9380000,0x00000000eba00000)
 ParOldGen       total 185856K, used 40516K [0x00000000a0000000, 0x00000000ab580000, 0x00000000e0000000)
  object space 185856K, 21% used [0x00000000a0000000,0x00000000a2791208,0x00000000ab580000)
 Metaspace       used 88462K, capacity 92004K, committed 92288K, reserved 1130496K
  class space    used 11170K, capacity 11856K, committed 11904K, reserved 1048576K
}
Event: 9919.009 GC heap before
{Heap before GC invocations=25 (full 3):
 PSYoungGen      total 145920K, used 145910K [0x00000000e0000000, 0x00000000eba00000, 0x0000000100000000)
  eden space 111616K, 100% used [0x00000000e0000000,0x00000000e6d00000,0x00000000e6d00000)
  from space 34304K, 99% used [0x00000000e6f00000,0x00000000e907d988,0x00000000e9080000)
  to   space 39424K, 0% used [0x00000000e9380000,0x00000000e9380000,0x00000000eba00000)
 ParOldGen       total 185856K, used 40516K [0x00000000a0000000, 0x00000000ab580000, 0x00000000e0000000)
  object space 185856K, 21% used [0x00000000a0000000,0x00000000a2791208,0x00000000ab580000)
 Metaspace       used 89185K, capacity 92942K, committed 93184K, reserved 1130496K
  class space    used 11277K, capacity 11983K, committed 12032K, reserved 1048576K
Event: 9919.040 GC heap after
Heap after GC invocations=25 (full 3):
 PSYoungGen      total 146944K, used 35099K [0x00000000e0000000, 0x00000000ec000000, 0x0000000100000000)
  eden space 107520K, 0% used [0x00000000e0000000,0x00000000e0000000,0x00000000e6900000)
  from space 39424K, 89% used [0x00000000e9380000,0x00000000eb5c6f50,0x00000000eba00000)
  to   space 43520K, 0% used [0x00000000e6900000,0x00000000e6900000,0x00000000e9380000)
 ParOldGen       total 185856K, used 40524K [0x00000000a0000000, 0x00000000ab580000, 0x00000000e0000000)
  object space 185856K, 21% used [0x00000000a0000000,0x00000000a2793208,0x00000000ab580000)
 Metaspace       used 89185K, capacity 92942K, committed 93184K, reserved 1130496K
  class space    used 11277K, capacity 11983K, committed 12032K, reserved 1048576K
}
Event: 9921.074 GC heap before
{Heap before GC invocations=26 (full 3):
 PSYoungGen      total 146944K, used 129090K [0x00000000e0000000, 0x00000000ec000000, 0x0000000100000000)
  eden space 107520K, 87% used [0x00000000e0000000,0x00000000e5bc99a8,0x00000000e6900000)
  from space 39424K, 89% used [0x00000000e9380000,0x00000000eb5c6f50,0x00000000eba00000)
  to   space 43520K, 0% used [0x00000000e6900000,0x00000000e6900000,0x00000000e9380000)
 ParOldGen       total 185856K, used 40524K [0x00000000a0000000, 0x00000000ab580000, 0x00000000e0000000)
  object space 185856K, 21% used [0x00000000a0000000,0x00000000a2793208,0x00000000ab580000)
 Metaspace       used 94213K, capacity 98446K, committed 98496K, reserved 1134592K
  class space    used 11913K, capacity 12701K, committed 12736K, reserved 1048576K
Event: 9921.105 GC heap after
Heap after GC invocations=26 (full 3):
 PSYoungGen      total 148992K, used 40533K [0x00000000e0000000, 0x00000000ec600000, 0x0000000100000000)
  eden space 105472K, 0% used [0x00000000e0000000,0x00000000e0000000,0x00000000e6700000)
  from space 43520K, 93% used [0x00000000e6900000,0x00000000e9095758,0x00000000e9380000)
  to   space 48640K, 0% used [0x00000000e9680000,0x00000000e9680000,0x00000000ec600000)
 ParOldGen       total 185856K, used 40532K [0x00000000a0000000, 0x00000000ab580000, 0x00000000e0000000)
  object space 185856K, 21% used [0x00000000a0000000,0x00000000a2795208,0x00000000ab580000)
 Metaspace       used 94213K, capacity 98446K, committed 98496K, reserved 1134592K
  class space    used 11913K, capacity 12701K, committed 12736K, reserved 1048576K
}
Event: 9921.105 GC heap before
{Heap before GC invocations=27 (full 4):
 PSYoungGen      total 148992K, used 40533K [0x00000000e0000000, 0x00000000ec600000, 0x0000000100000000)
  eden space 105472K, 0% used [0x00000000e0000000,0x00000000e0000000,0x00000000e6700000)
  from space 43520K, 93% used [0x00000000e6900000,0x00000000e9095758,0x00000000e9380000)
  to   space 48640K, 0% used [0x00000000e9680000,0x00000000e9680000,0x00000000ec600000)
 ParOldGen       total 185856K, used 40532K [0x00000000a0000000, 0x00000000ab580000, 0x00000000e0000000)
  object space 185856K, 21% used [0x00000000a0000000,0x00000000a2795208,0x00000000ab580000)
 Metaspace       used 94213K, capacity 98446K, committed 98496K, reserved 1134592K
  class space    used 11913K, capacity 12701K, committed 12736K, reserved 1048576K
Event: 9921.743 GC heap after
Heap after GC invocations=27 (full 4):
 PSYoungGen      total 148992K, used 0K [0x00000000e0000000, 0x00000000ec600000, 0x0000000100000000)
  eden space 105472K, 0% used [0x00000000e0000000,0x00000000e0000000,0x00000000e6700000)
  from space 43520K, 0% used [0x00000000e6900000,0x00000000e6900000,0x00000000e9380000)
  to   space 48640K, 0% used [0x00000000e9680000,0x00000000e9680000,0x00000000ec600000)
 ParOldGen       total 268800K, used 53072K [0x00000000a0000000, 0x00000000b0680000, 0x00000000e0000000)
  object space 268800K, 19% used [0x00000000a0000000,0x00000000a33d40e0,0x00000000b0680000)
 Metaspace       used 92522K, capacity 95492K, committed 98496K, reserved 1134592K
  class space    used 11605K, capacity 12180K, committed 12736K, reserved 1048576K
}
Event: 9922.641 GC heap before
{Heap before GC invocations=28 (full 4):
 PSYoungGen      total 148992K, used 105472K [0x00000000e0000000, 0x00000000ec600000, 0x0000000100000000)
  eden space 105472K, 100% used [0x00000000e0000000,0x00000000e6700000,0x00000000e6700000)
  from space 43520K, 0% used [0x00000000e6900000,0x00000000e6900000,0x00000000e9380000)
  to   space 48640K, 0% used [0x00000000e9680000,0x00000000e9680000,0x00000000ec600000)
 ParOldGen       total 268800K, used 53072K [0x00000000a0000000, 0x00000000b0680000, 0x00000000e0000000)
  object space 268800K, 19% used [0x00000000a0000000,0x00000000a33d40e0,0x00000000b0680000)
 Metaspace       used 97389K, capacity 100920K, committed 102592K, reserved 1138688K
  class space    used 12253K, capacity 12890K, committed 13248K, reserved 1048576K
Event: 9922.651 GC heap after
Heap after GC invocations=28 (full 4):
 PSYoungGen      total 154624K, used 8160K [0x00000000e0000000, 0x00000000ed200000, 0x0000000100000000)
  eden space 105984K, 0% used [0x00000000e0000000,0x00000000e0000000,0x00000000e6780000)
  from space 48640K, 16% used [0x00000000e9680000,0x00000000e9e78358,0x00000000ec600000)
  to   space 48128K, 0% used [0x00000000e6780000,0x00000000e6780000,0x00000000e9680000)
 ParOldGen       total 268800K, used 53080K [0x00000000a0000000, 0x00000000b0680000, 0x00000000e0000000)
  object space 268800K, 19% used [0x00000000a0000000,0x00000000a33d60e0,0x00000000b0680000)
 Metaspace       used 97389K, capacity 100920K, committed 102592K, reserved 1138688K
  class space    used 12253K, capacity 12890K, committed 13248K, reserved 1048576K
}

